<?xml version="1.0" encoding="UTF-8"?>
<!-- Generated by org.testng.reporters.JUnitReportReporter -->
<testsuite hostname="DESKTOP-1QSMOD4" failures="0" tests="3" name="TestNG.DataProviders" time="51.215" errors="0" timestamp="2023-10-06T15:52:19 IST" skipped="0">
  <testcase classname="TestNG.DataProviders" name="fb" time="14.204"/>
  <testcase classname="TestNG.DataProviders" name="fb" time="14.289"/>
  <testcase classname="TestNG.DataProviders" name="fb" time="22.722"/>
</testsuite> <!-- TestNG.DataProviders -->
