<?xml version="1.0" encoding="UTF-8"?>
<!-- Generated by org.testng.reporters.JUnitReportReporter -->
<testsuite hostname="DESKTOP-1QSMOD4" failures="0" tests="1" name="TestNG_FailingPurpose.Snapdeal" time="31.537" errors="0" timestamp="2023-10-06T15:15:51 IST" skipped="0">
  <testcase classname="TestNG_FailingPurpose.Snapdeal" name="snapdeal" time="31.537"/>
</testsuite> <!-- TestNG_FailingPurpose.Snapdeal -->
