<?xml version="1.0" encoding="UTF-8"?>
<!-- Generated by org.testng.reporters.JUnitReportReporter -->
<testsuite hostname="DESKTOP-1QSMOD4" failures="0" tests="1" name="TestNG_Parallel.Facebook_Distributed" time="41.547" errors="0" timestamp="2023-10-05T14:26:06 IST" skipped="0">
  <testcase classname="TestNG_Parallel.Facebook_Distributed" name="fb" time="41.547"/>
</testsuite> <!-- TestNG_Parallel.Facebook_Distributed -->
