<?xml version="1.0" encoding="UTF-8"?>
<!-- Generated by org.testng.reporters.JUnitReportReporter -->
<testsuite hostname="DESKTOP-1QSMOD4" failures="0" tests="2" name="TestNG_Parallel.Compatibility" time="59.033" errors="0" timestamp="2023-10-05T14:57:43 IST" skipped="0">
  <testcase classname="TestNG_Parallel.Compatibility" name="fb" time="29.996"/>
  <testcase classname="TestNG_Parallel.Compatibility" name="fb" time="29.037"/>
</testsuite> <!-- TestNG_Parallel.Compatibility -->
