<?xml version="1.0" encoding="UTF-8"?>
<!-- Generated by org.testng.reporters.JUnitReportReporter -->
<testsuite hostname="DESKTOP-1QSMOD4" failures="0" tests="1" name="TestNG_Group.Sample1" time="0.069" errors="0" timestamp="2023-10-05T15:24:23 IST" skipped="0">
  <testcase classname="TestNG_Group.Sample1" name="demo1" time="0.069"/>
</testsuite> <!-- TestNG_Group.Sample1 -->
