<?xml version="1.0" encoding="UTF-8"?>
<!-- Generated by org.testng.reporters.JUnitReportReporter -->
<testsuite hostname="DESKTOP-1QSMOD4" failures="0" tests="1" name="TestNG_FailingPurpose.Facebook" time="24.889" errors="0" timestamp="2023-10-06T15:18:33 IST" skipped="0">
  <testcase classname="TestNG_FailingPurpose.Facebook" name="fb" time="24.889"/>
</testsuite> <!-- TestNG_FailingPurpose.Facebook -->
