<?xml version="1.0" encoding="UTF-8"?>
<!-- Generated by org.testng.reporters.JUnitReportReporter -->
<testsuite hostname="DESKTOP-1QSMOD4" failures="0" tests="3" name="TestNG_Annotations.Amazon_Facebook_Snapdeal" time="60.059" errors="0" timestamp="2023-10-06T14:40:49 IST" skipped="0">
  <testcase classname="TestNG_Annotations.Amazon_Facebook_Snapdeal" name="snapdeal" time="14.263"/>
  <testcase classname="TestNG_Annotations.Amazon_Facebook_Snapdeal" name="fb" time="12.923"/>
  <testcase classname="TestNG_Annotations.Amazon_Facebook_Snapdeal" name="amazon" time="32.873"/>
</testsuite> <!-- TestNG_Annotations.Amazon_Facebook_Snapdeal -->
