<?xml version="1.0" encoding="UTF-8"?>
<!-- Generated by org.testng.reporters.JUnitReportReporter -->
<testsuite hostname="DESKTOP-1QSMOD4" failures="0" tests="2" name="TestNG.Assertions" time="16.753" errors="0" timestamp="2023-10-05T15:57:31 IST" skipped="0">
  <testcase classname="TestNG.Assertions" name="fb" time="12.757"/>
  <testcase classname="TestNG.Assertions" name="quit" time="3.996"/>
</testsuite> <!-- TestNG.Assertions -->
