<?xml version="1.0" encoding="UTF-8"?>
<!-- Generated by org.testng.reporters.JUnitReportReporter -->
<testsuite hostname="DESKTOP-1QSMOD4" failures="0" tests="1" name="TestNG_Sequential.Amazon" time="16.846" errors="0" timestamp="2023-10-04T15:53:52 IST" skipped="0">
  <testcase classname="TestNG_Sequential.Amazon" name="amz" time="16.846"/>
</testsuite> <!-- TestNG_Sequential.Amazon -->
